<?xml version="1.0" encoding="UTF-8"?>
<testng-results skipped="0" failed="1" total="3" passed="2">
  <reporter-output>
  </reporter-output>
  <suite name="Applicarion Setup" duration-ms="26939" started-at="2016-12-25T08:58:11Z" finished-at="2016-12-25T08:58:38Z">
    <groups>
    </groups>
    <test name="Default test" duration-ms="26939" started-at="2016-12-25T08:58:11Z" finished-at="2016-12-25T08:58:38Z">
      <class name="com.viu.test.AppSetupTest">
        <test-method status="PASS" signature="verifyApplicationInstallationSuccessful()[pri:0, instance:com.viu.test.AppSetupTest@cbfb61]" name="verifyApplicationInstallationSuccessful" duration-ms="13481" started-at="2016-12-25T14:28:11Z" finished-at="2016-12-25T14:28:24Z">
          <reporter-output>
          </reporter-output>
        </test-method> <!-- verifyApplicationInstallationSuccessful -->
        <test-method status="PASS" signature="verifyApplicationUnInstallSuccessful()[pri:0, instance:com.viu.test.AppSetupTest@cbfb61]" name="verifyApplicationUnInstallSuccessful" duration-ms="13453" started-at="2016-12-25T14:28:24Z" finished-at="2016-12-25T14:28:38Z">
          <reporter-output>
          </reporter-output>
        </test-method> <!-- verifyApplicationUnInstallSuccessful -->
      </class> <!-- com.viu.test.AppSetupTest -->
    </test> <!-- Default test -->
  </suite> <!-- Applicarion Setup -->
  <suite name="Viu Test Suite" duration-ms="0" started-at="2016-12-25T08:58:38Z" finished-at="2016-12-25T08:58:38Z">
    <groups>
    </groups>
  </suite> <!-- Viu Test Suite -->
  <suite name="Viu Functional Test" duration-ms="90" started-at="2016-12-25T08:58:10Z" finished-at="2016-12-25T08:58:11Z">
    <groups>
    </groups>
    <test name="Default test" duration-ms="90" started-at="2016-12-25T08:58:10Z" finished-at="2016-12-25T08:58:11Z">
      <class name="com.viu.test.VideoPlayTest">
        <test-method status="FAIL" signature="playVideo()[pri:0, instance:com.viu.test.VideoPlayTest@ee9593]" name="playVideo" duration-ms="75" started-at="2016-12-25T14:28:10Z" finished-at="2016-12-25T14:28:11Z">
          <exception class="java.lang.NullPointerException">
            <full-stacktrace>
              <![CDATA[java.lang.NullPointerException
	at org.openqa.selenium.support.pagefactory.DefaultElementLocator.findElement(DefaultElementLocator.java:69)
	at org.openqa.selenium.support.pagefactory.internal.LocatingElementHandler.invoke(LocatingElementHandler.java:38)
	at com.sun.proxy.$Proxy4.toString(Unknown Source)
	at java.lang.String.valueOf(String.java:2981)
	at java.lang.StringBuilder.append(StringBuilder.java:131)
	at com.viu.common.WebDriverUtility.waitForElement(WebDriverUtility.java:28)
	at com.viu.common.WebDriverUtility.waitForPageElement(WebDriverUtility.java:13)
	at com.viu.pages.HomePage.isPageLoaded(HomePage.java:76)
	at com.viu.test.VideoPlayTest.playVideo(VideoPlayTest.java:12)
	at sun.reflect.NativeMethodAccessorImpl.invoke0(Native Method)
	at sun.reflect.NativeMethodAccessorImpl.invoke(NativeMethodAccessorImpl.java:62)
	at sun.reflect.DelegatingMethodAccessorImpl.invoke(DelegatingMethodAccessorImpl.java:43)
	at java.lang.reflect.Method.invoke(Method.java:483)
	at org.testng.internal.MethodInvocationHelper.invokeMethod(MethodInvocationHelper.java:84)
	at org.testng.internal.Invoker.invokeMethod(Invoker.java:714)
	at org.testng.internal.Invoker.invokeTestMethod(Invoker.java:901)
	at org.testng.internal.Invoker.invokeTestMethods(Invoker.java:1231)
	at org.testng.internal.TestMethodWorker.invokeTestMethods(TestMethodWorker.java:127)
	at org.testng.internal.TestMethodWorker.run(TestMethodWorker.java:111)
	at org.testng.TestRunner.privateRun(TestRunner.java:767)
	at org.testng.TestRunner.run(TestRunner.java:617)
	at org.testng.SuiteRunner.runTest(SuiteRunner.java:334)
	at org.testng.SuiteRunner.runSequentially(SuiteRunner.java:329)
	at org.testng.SuiteRunner.privateRun(SuiteRunner.java:291)
	at org.testng.SuiteRunner.run(SuiteRunner.java:240)
	at org.testng.SuiteRunnerWorker.runSuite(SuiteRunnerWorker.java:52)
	at org.testng.SuiteRunnerWorker.run(SuiteRunnerWorker.java:86)
	at org.testng.TestNG.runSuitesSequentially(TestNG.java:1224)
	at org.testng.TestNG.runSuitesSequentially(TestNG.java:1220)
	at org.testng.TestNG.runSuitesLocally(TestNG.java:1149)
	at org.testng.TestNG.run(TestNG.java:1057)
	at org.testng.remote.RemoteTestNG.run(RemoteTestNG.java:111)
	at org.testng.remote.RemoteTestNG.initAndRun(RemoteTestNG.java:204)
	at org.testng.remote.RemoteTestNG.main(RemoteTestNG.java:175)
]]>
            </full-stacktrace>
          </exception> <!-- java.lang.NullPointerException -->
          <reporter-output>
          </reporter-output>
        </test-method> <!-- playVideo -->
      </class> <!-- com.viu.test.VideoPlayTest -->
    </test> <!-- Default test -->
  </suite> <!-- Viu Functional Test -->
</testng-results>
